AdSDK_v1.0.0/build/outputs/logs/manifest-merger-appstore-debug-report.txt
-- Merging decision tree log ---
manifest
ADDED from MyApplication4\AdSDK_v1.0.0\AndroidManifest.xml:2:1-670:12
	package
		ADDED from MyApplication4\AdSDK_v1.0.0\AndroidManifest.xml:3:5-31
		INJECTED from MyApplication4\AdSDK_v1.0.0\AndroidManifest.xml
		INJECTED from MyApplication4\AdSDK_v1.0.0\AndroidManifest.xml
	android:versionName
		ADDED from MyApplication4\AdSDK_v1.0.0\AndroidManifest.xml:6:5-32
		INJECTED from MyApplication4\AdSDK_v1.0.0\AndroidManifest.xml
		INJECTED from MyApplication4\AdSDK_v1.0.0\AndroidManifest.xml
	android:versionCode
		ADDED from MyApplication4\AdSDK_v1.0.0\AndroidManifest.xml:5:5-28
		INJECTED from MyApplication4\AdSDK_v1.0.0\AndroidManifest.xml
		INJECTED from MyApplication4\AdSDK_v1.0.0\AndroidManifest.xml
	xmlns:android
		ADDED from MyApplication4\AdSDK_v1.0.0\AndroidManifest.xml:2:11-69
	android:installLocation
		ADDED from MyApplication4\AdSDK_v1.0.0\AndroidManifest.xml:4:5-35
uses-sdk
ADDED from MyApplication4\AdSDK_v1.0.0\AndroidManifest.xml:8:5-10:41
MERGED from [MyApplication4:IAdPlugin:unspecified] AndroidManifest.xml:13:5-15:41
MERGED from [:droid-plugin-v1.0.0:] AndroidManifest.xml:30:5-32:41
	android:targetSdkVersion
		ADDED from MyApplication4\AdSDK_v1.0.0\AndroidManifest.xml:10:9-38
		INJECTED from MyApplication4\AdSDK_v1.0.0\AndroidManifest.xml
		INJECTED from MyApplication4\AdSDK_v1.0.0\AndroidManifest.xml
	android:minSdkVersion
		ADDED from MyApplication4\AdSDK_v1.0.0\AndroidManifest.xml:9:9-35
		INJECTED from MyApplication4\AdSDK_v1.0.0\AndroidManifest.xml
		INJECTED from MyApplication4\AdSDK_v1.0.0\AndroidManifest.xml
uses-permission#android.permission.INTERNET
ADDED from MyApplication4\AdSDK_v1.0.0\AndroidManifest.xml:13:5-67
MERGED from [:droid-plugin-v1.0.0:] AndroidManifest.xml:60:5-67
	android:name
		ADDED from MyApplication4\AdSDK_v1.0.0\AndroidManifest.xml:13:22-64
uses-permission#android.permission.ACCESS_NETWORK_STATE
ADDED from MyApplication4\AdSDK_v1.0.0\AndroidManifest.xml:14:5-79
MERGED from [:droid-plugin-v1.0.0:] AndroidManifest.xml:38:5-79
	android:name
		ADDED from MyApplication4\AdSDK_v1.0.0\AndroidManifest.xml:14:22-76
uses-permission#android.permission.WRITE_EXTERNAL_STORAGE
ADDED from MyApplication4\AdSDK_v1.0.0\AndroidManifest.xml:15:5-81
MERGED from [:droid-plugin-v1.0.0:] AndroidManifest.xml:102:5-81
	android:name
		ADDED from MyApplication4\AdSDK_v1.0.0\AndroidManifest.xml:15:22-78
uses-permission#android.permission.CHANGE_NETWORK_STATE
ADDED from MyApplication4\AdSDK_v1.0.0\AndroidManifest.xml:16:5-79
MERGED from [:droid-plugin-v1.0.0:] AndroidManifest.xml:48:5-79
	android:name
		ADDED from MyApplication4\AdSDK_v1.0.0\AndroidManifest.xml:16:22-76
uses-permission#android.permission.WAKE_LOCK
ADDED from MyApplication4\AdSDK_v1.0.0\AndroidManifest.xml:17:5-68
MERGED from [:droid-plugin-v1.0.0:] AndroidManifest.xml:98:5-68
	android:name
		ADDED from MyApplication4\AdSDK_v1.0.0\AndroidManifest.xml:17:22-65
uses-permission#android.permission.WRITE_SETTINGS
ADDED from MyApplication4\AdSDK_v1.0.0\AndroidManifest.xml:18:5-73
MERGED from [:droid-plugin-v1.0.0:] AndroidManifest.xml:104:5-73
	android:name
		ADDED from MyApplication4\AdSDK_v1.0.0\AndroidManifest.xml:18:22-70
uses-permission#android.permission.RECEIVE_BOOT_COMPLETED
ADDED from MyApplication4\AdSDK_v1.0.0\AndroidManifest.xml:19:5-81
MERGED from [:droid-plugin-v1.0.0:] AndroidManifest.xml:80:5-81
	android:name
		ADDED from MyApplication4\AdSDK_v1.0.0\AndroidManifest.xml:19:22-78
uses-permission#android.permission.ACCESS_WIFI_STATE
ADDED from MyApplication4\AdSDK_v1.0.0\AndroidManifest.xml:20:5-76
MERGED from [:droid-plugin-v1.0.0:] AndroidManifest.xml:39:5-76
	android:name
		ADDED from MyApplication4\AdSDK_v1.0.0\AndroidManifest.xml:20:22-73
uses-permission#android.permission.READ_PHONE_STATE
ADDED from MyApplication4\AdSDK_v1.0.0\AndroidManifest.xml:21:5-75
MERGED from [:droid-plugin-v1.0.0:] AndroidManifest.xml:73:5-75
	android:name
		ADDED from MyApplication4\AdSDK_v1.0.0\AndroidManifest.xml:21:22-72
uses-permission#android.permission.CHANGE_WIFI_STATE
ADDED from MyApplication4\AdSDK_v1.0.0\AndroidManifest.xml:22:5-76
MERGED from [:droid-plugin-v1.0.0:] AndroidManifest.xml:50:5-76
	android:name
		ADDED from MyApplication4\AdSDK_v1.0.0\AndroidManifest.xml:22:22-73
uses-permission#android.permission.GET_TASKS
ADDED from MyApplication4\AdSDK_v1.0.0\AndroidManifest.xml:23:5-68
MERGED from [:droid-plugin-v1.0.0:] AndroidManifest.xml:59:5-68
	android:name
		ADDED from MyApplication4\AdSDK_v1.0.0\AndroidManifest.xml:23:22-65
uses-permission#android.permission.DISABLE_KEYGUARD
ADDED from MyApplication4\AdSDK_v1.0.0\AndroidManifest.xml:24:5-74
MERGED from [:droid-plugin-v1.0.0:] AndroidManifest.xml:53:5-75
	android:name
		ADDED from MyApplication4\AdSDK_v1.0.0\AndroidManifest.xml:24:22-72
uses-permission#android.permission.ACCESS_COARSE_LOCATION
ADDED from MyApplication4\AdSDK_v1.0.0\AndroidManifest.xml:27:5-81
MERGED from [:droid-plugin-v1.0.0:] AndroidManifest.xml:35:5-81
	android:name
		ADDED from MyApplication4\AdSDK_v1.0.0\AndroidManifest.xml:27:22-78
uses-permission#android.permission.ACCESS_FINE_LOCATION
ADDED from MyApplication4\AdSDK_v1.0.0\AndroidManifest.xml:28:5-79
MERGED from [:droid-plugin-v1.0.0:] AndroidManifest.xml:36:5-79
	android:name
		ADDED from MyApplication4\AdSDK_v1.0.0\AndroidManifest.xml:28:22-76
uses-permission#android.permission.VIBRATE
ADDED from MyApplication4\AdSDK_v1.0.0\AndroidManifest.xml:29:5-66
MERGED from [:droid-plugin-v1.0.0:] AndroidManifest.xml:97:5-66
	android:name
		ADDED from MyApplication4\AdSDK_v1.0.0\AndroidManifest.xml:29:22-63
uses-permission#android.permission.RECORD_AUDIO
ADDED from MyApplication4\AdSDK_v1.0.0\AndroidManifest.xml:30:5-71
MERGED from [:droid-plugin-v1.0.0:] AndroidManifest.xml:84:5-71
	android:name
		ADDED from MyApplication4\AdSDK_v1.0.0\AndroidManifest.xml:30:22-68
uses-permission#com.google.android.gms.permission.ACTIVITY_RECOGNITION
ADDED from MyApplication4\AdSDK_v1.0.0\AndroidManifest.xml:31:5-94
MERGED from [:droid-plugin-v1.0.0:] AndroidManifest.xml:118:5-94
	android:name
		ADDED from MyApplication4\AdSDK_v1.0.0\AndroidManifest.xml:31:22-91
uses-permission#android.permission.READ_CALENDAR
ADDED from MyApplication4\AdSDK_v1.0.0\AndroidManifest.xml:32:5-72
MERGED from [:droid-plugin-v1.0.0:] AndroidManifest.xml:67:5-72
	android:name
		ADDED from MyApplication4\AdSDK_v1.0.0\AndroidManifest.xml:32:22-69
uses-permission#android.permission.WRITE_CALENDAR
ADDED from MyApplication4\AdSDK_v1.0.0\AndroidManifest.xml:33:5-73
MERGED from [:droid-plugin-v1.0.0:] AndroidManifest.xml:99:5-73
	android:name
		ADDED from MyApplication4\AdSDK_v1.0.0\AndroidManifest.xml:33:22-70
uses-permission#android.permission.SYSTEM_ALERT_WINDOW
ADDED from MyApplication4\AdSDK_v1.0.0\AndroidManifest.xml:34:5-78
MERGED from [:droid-plugin-v1.0.0:] AndroidManifest.xml:93:5-78
	android:name
		ADDED from MyApplication4\AdSDK_v1.0.0\AndroidManifest.xml:34:22-75
uses-permission#android.permission.INSTALL_PACKAGES
ADDED from MyApplication4\AdSDK_v1.0.0\AndroidManifest.xml:35:5-75
	android:name
		ADDED from MyApplication4\AdSDK_v1.0.0\AndroidManifest.xml:35:22-72
uses-permission#android.permission.DELETE_PACKAGES
ADDED from MyApplication4\AdSDK_v1.0.0\AndroidManifest.xml:36:5-74
	android:name
		ADDED from MyApplication4\AdSDK_v1.0.0\AndroidManifest.xml:36:22-71
uses-permission#android.permission.INSTALL_SHORTCUT
ADDED from MyApplication4\AdSDK_v1.0.0\AndroidManifest.xml:37:5-75
	android:name
		ADDED from MyApplication4\AdSDK_v1.0.0\AndroidManifest.xml:37:22-72
uses-permission#android.permission.UNINSTALL_SHORTCUT
ADDED from MyApplication4\AdSDK_v1.0.0\AndroidManifest.xml:38:5-77
	android:name
		ADDED from MyApplication4\AdSDK_v1.0.0\AndroidManifest.xml:38:22-74
uses-permission#android.permission.KILL_BACKGROUND_PROCESSES
ADDED from MyApplication4\AdSDK_v1.0.0\AndroidManifest.xml:39:5-84
MERGED from [:droid-plugin-v1.0.0:] AndroidManifest.xml:61:5-84
	android:name
		ADDED from MyApplication4\AdSDK_v1.0.0\AndroidManifest.xml:39:22-81
uses-permission#android.permission.INTERACT_ACROSS_USERS_FULL
ADDED from MyApplication4\AdSDK_v1.0.0\AndroidManifest.xml:40:5-85
MERGED from [:droid-plugin-v1.0.0:] AndroidManifest.xml:175:5-85
	android:name
		ADDED from MyApplication4\AdSDK_v1.0.0\AndroidManifest.xml:40:22-82
uses-permission#android.permission.FORCE_STOP_PACKAGES
ADDED from MyApplication4\AdSDK_v1.0.0\AndroidManifest.xml:41:5-78
	android:name
		ADDED from MyApplication4\AdSDK_v1.0.0\AndroidManifest.xml:41:22-75
uses-permission#android.permission.BROADCAST_PACKAGE_ADDED
ADDED from MyApplication4\AdSDK_v1.0.0\AndroidManifest.xml:42:5-82
	android:name
		ADDED from MyApplication4\AdSDK_v1.0.0\AndroidManifest.xml:42:22-79
uses-permission#android.permission.BROADCAST_PACKAGE_CHANGED
ADDED from MyApplication4\AdSDK_v1.0.0\AndroidManifest.xml:43:5-84
	android:name
		ADDED from MyApplication4\AdSDK_v1.0.0\AndroidManifest.xml:43:22-81
uses-permission#android.permission.BROADCAST_PACKAGE_INSTALL
ADDED from MyApplication4\AdSDK_v1.0.0\AndroidManifest.xml:44:5-84
	android:name
		ADDED from MyApplication4\AdSDK_v1.0.0\AndroidManifest.xml:44:22-81
uses-permission#android.permission.BROADCAST_PACKAGE_REPLACED
ADDED from MyApplication4\AdSDK_v1.0.0\AndroidManifest.xml:45:5-85
	android:name
		ADDED from MyApplication4\AdSDK_v1.0.0\AndroidManifest.xml:45:22-82
uses-permission#android.permission.RESTART_PACKAGES
ADDED from MyApplication4\AdSDK_v1.0.0\AndroidManifest.xml:46:5-75
MERGED from [:droid-plugin-v1.0.0:] AndroidManifest.xml:86:5-75
	android:name
		ADDED from MyApplication4\AdSDK_v1.0.0\AndroidManifest.xml:46:22-72
uses-permission#android.permission.GET_ACCOUNTS
ADDED from MyApplication4\AdSDK_v1.0.0\AndroidManifest.xml:47:5-71
MERGED from [:droid-plugin-v1.0.0:] AndroidManifest.xml:57:5-71
	android:name
		ADDED from MyApplication4\AdSDK_v1.0.0\AndroidManifest.xml:47:22-68
uses-permission#android.permission.READ_CONTACTS
ADDED from MyApplication4\AdSDK_v1.0.0\AndroidManifest.xml:50:5-72
MERGED from [:droid-plugin-v1.0.0:] AndroidManifest.xml:70:5-72
	android:name
		ADDED from MyApplication4\AdSDK_v1.0.0\AndroidManifest.xml:50:22-69
uses-permission#android.permission.RECEIVE_SMS
ADDED from MyApplication4\AdSDK_v1.0.0\AndroidManifest.xml:57:5-70
MERGED from [:droid-plugin-v1.0.0:] AndroidManifest.xml:82:5-70
	android:name
		ADDED from MyApplication4\AdSDK_v1.0.0\AndroidManifest.xml:57:22-67
uses-permission#android.permission.SEND_SMS
ADDED from MyApplication4\AdSDK_v1.0.0\AndroidManifest.xml:58:5-67
MERGED from [:droid-plugin-v1.0.0:] AndroidManifest.xml:87:5-67
	android:name
		ADDED from MyApplication4\AdSDK_v1.0.0\AndroidManifest.xml:58:22-64
uses-permission#android.permission.READ_SMS
ADDED from MyApplication4\AdSDK_v1.0.0\AndroidManifest.xml:59:5-67
MERGED from [:droid-plugin-v1.0.0:] AndroidManifest.xml:75:5-67
	android:name
		ADDED from MyApplication4\AdSDK_v1.0.0\AndroidManifest.xml:59:22-64
uses-permission#android.permission.WRITE_SMS
ADDED from MyApplication4\AdSDK_v1.0.0\AndroidManifest.xml:60:5-68
MERGED from [:droid-plugin-v1.0.0:] AndroidManifest.xml:105:5-68
	android:name
		ADDED from MyApplication4\AdSDK_v1.0.0\AndroidManifest.xml:60:22-65
uses-permission#android.permission.MOUNT_UNMOUNT_FILESYSTEMS
ADDED from MyApplication4\AdSDK_v1.0.0\AndroidManifest.xml:65:5-84
MERGED from [:droid-plugin-v1.0.0:] AndroidManifest.xml:163:5-84
	android:name
		ADDED from MyApplication4\AdSDK_v1.0.0\AndroidManifest.xml:65:22-81
uses-permission#android.permission.REORDER_TASKS
ADDED from MyApplication4\AdSDK_v1.0.0\AndroidManifest.xml:70:5-72
MERGED from [:droid-plugin-v1.0.0:] AndroidManifest.xml:85:5-72
	android:name
		ADDED from MyApplication4\AdSDK_v1.0.0\AndroidManifest.xml:70:22-69
uses-permission#android.permission.USE_CREDENTIALS
ADDED from MyApplication4\AdSDK_v1.0.0\AndroidManifest.xml:72:5-74
MERGED from [:droid-plugin-v1.0.0:] AndroidManifest.xml:95:5-74
	android:name
		ADDED from MyApplication4\AdSDK_v1.0.0\AndroidManifest.xml:72:22-71
uses-permission#android.permission.MANAGE_ACCOUNTS
ADDED from MyApplication4\AdSDK_v1.0.0\AndroidManifest.xml:73:5-74
MERGED from [:droid-plugin-v1.0.0:] AndroidManifest.xml:62:5-74
	android:name
		ADDED from MyApplication4\AdSDK_v1.0.0\AndroidManifest.xml:73:22-71
uses-permission#com.android.vending.CHECK_LICENSE
ADDED from MyApplication4\AdSDK_v1.0.0\AndroidManifest.xml:77:5-73
MERGED from [:droid-plugin-v1.0.0:] AndroidManifest.xml:115:5-73
	android:name
		ADDED from MyApplication4\AdSDK_v1.0.0\AndroidManifest.xml:77:22-70
uses-permission#com.google.android.c2dm.permission.RECEIVE
ADDED from MyApplication4\AdSDK_v1.0.0\AndroidManifest.xml:78:5-82
MERGED from [:droid-plugin-v1.0.0:] AndroidManifest.xml:117:5-82
	android:name
		ADDED from MyApplication4\AdSDK_v1.0.0\AndroidManifest.xml:78:22-79
uses-permission#android.permission.CALL_PHONE
ADDED from MyApplication4\AdSDK_v1.0.0\AndroidManifest.xml:79:5-69
MERGED from [:droid-plugin-v1.0.0:] AndroidManifest.xml:46:5-69
	android:name
		ADDED from MyApplication4\AdSDK_v1.0.0\AndroidManifest.xml:79:22-66
uses-permission#android.permission.READ_EXTERNAL_STORAGE
ADDED from MyApplication4\AdSDK_v1.0.0\AndroidManifest.xml:81:5-80
MERGED from [:droid-plugin-v1.0.0:] AndroidManifest.xml:71:5-80
	android:name
		ADDED from MyApplication4\AdSDK_v1.0.0\AndroidManifest.xml:81:22-77
uses-permission#android.permission.CHANGE_CONFIGURATION
ADDED from MyApplication4\AdSDK_v1.0.0\AndroidManifest.xml:82:5-79
MERGED from [:droid-plugin-v1.0.0:] AndroidManifest.xml:167:5-79
	android:name
		ADDED from MyApplication4\AdSDK_v1.0.0\AndroidManifest.xml:82:22-76
uses-permission#android.permission.RUN_INSTRUMENTATION
ADDED from MyApplication4\AdSDK_v1.0.0\AndroidManifest.xml:83:5-78
	android:name
		ADDED from MyApplication4\AdSDK_v1.0.0\AndroidManifest.xml:83:22-75
uses-permission#android.permission.SIGNAL_PERSISTENT_PROCESSES
ADDED from MyApplication4\AdSDK_v1.0.0\AndroidManifest.xml:84:5-86
	android:name
		ADDED from MyApplication4\AdSDK_v1.0.0\AndroidManifest.xml:84:22-83
uses-permission#android.permission.ACCESS_LOCATION_EXTRA_COMMANDS
ADDED from MyApplication4\AdSDK_v1.0.0\AndroidManifest.xml:85:5-89
MERGED from [:droid-plugin-v1.0.0:] AndroidManifest.xml:37:5-89
	android:name
		ADDED from MyApplication4\AdSDK_v1.0.0\AndroidManifest.xml:85:22-86
uses-permission#com.motorola.dlauncher.permission.READ_SETTINGS
ADDED from MyApplication4\AdSDK_v1.0.0\AndroidManifest.xml:86:5-87
	android:name
		ADDED from MyApplication4\AdSDK_v1.0.0\AndroidManifest.xml:86:22-84
uses-permission#com.motorola.dlauncher.permission.WRITE_SETTINGS
ADDED from MyApplication4\AdSDK_v1.0.0\AndroidManifest.xml:87:5-88
	android:name
		ADDED from MyApplication4\AdSDK_v1.0.0\AndroidManifest.xml:87:22-85
uses-permission#com.motorola.mmsp.motoswitch.permission.READ_SETTINGS
ADDED from MyApplication4\AdSDK_v1.0.0\AndroidManifest.xml:88:5-93
	android:name
		ADDED from MyApplication4\AdSDK_v1.0.0\AndroidManifest.xml:88:22-90
uses-permission#com.motorola.mmsp.motoswitch.permission.WRITE_SETTINGS
ADDED from MyApplication4\AdSDK_v1.0.0\AndroidManifest.xml:89:5-94
	android:name
		ADDED from MyApplication4\AdSDK_v1.0.0\AndroidManifest.xml:89:22-91
uses-permission#com.htc.launcher.permission.READ_SETTINGS
ADDED from MyApplication4\AdSDK_v1.0.0\AndroidManifest.xml:90:5-81
MERGED from [:droid-plugin-v1.0.0:] AndroidManifest.xml:172:5-81
	android:name
		ADDED from MyApplication4\AdSDK_v1.0.0\AndroidManifest.xml:90:22-78
uses-permission#com.htc.launcher.permission.WRITE_SETTINGS
ADDED from MyApplication4\AdSDK_v1.0.0\AndroidManifest.xml:91:5-82
	android:name
		ADDED from MyApplication4\AdSDK_v1.0.0\AndroidManifest.xml:91:22-79
uses-permission#com.aspire.mm.permission.READ_SETTINGS
ADDED from MyApplication4\AdSDK_v1.0.0\AndroidManifest.xml:92:5-78
	android:name
		ADDED from MyApplication4\AdSDK_v1.0.0\AndroidManifest.xml:92:22-75
uses-permission#com.aspire.mm.permission.WRITE_SETTINGS
ADDED from MyApplication4\AdSDK_v1.0.0\AndroidManifest.xml:93:5-79
	android:name
		ADDED from MyApplication4\AdSDK_v1.0.0\AndroidManifest.xml:93:22-76
uses-permission#com.qihoo360.launcher.permission.WRITE_SETTINGS
ADDED from MyApplication4\AdSDK_v1.0.0\AndroidManifest.xml:94:5-87
	android:name
		ADDED from MyApplication4\AdSDK_v1.0.0\AndroidManifest.xml:94:22-84
uses-permission#com.qihoo360.launcher.permission.READ_SETTINGS
ADDED from MyApplication4\AdSDK_v1.0.0\AndroidManifest.xml:95:5-86
	android:name
		ADDED from MyApplication4\AdSDK_v1.0.0\AndroidManifest.xml:95:22-83
uses-permission#com.ty.launcher.permission.READ_SETTINGS
ADDED from MyApplication4\AdSDK_v1.0.0\AndroidManifest.xml:96:5-80
	android:name
		ADDED from MyApplication4\AdSDK_v1.0.0\AndroidManifest.xml:96:22-77
uses-permission#com.ty.launcher.permission.WRITE_SETTINGS
ADDED from MyApplication4\AdSDK_v1.0.0\AndroidManifest.xml:97:5-81
	android:name
		ADDED from MyApplication4\AdSDK_v1.0.0\AndroidManifest.xml:97:22-78
uses-permission#com.s.launcher.permission.READ_SETTINGS
ADDED from MyApplication4\AdSDK_v1.0.0\AndroidManifest.xml:98:5-79
	android:name
		ADDED from MyApplication4\AdSDK_v1.0.0\AndroidManifest.xml:98:22-76
uses-permission#com.s.launcher.permission.WRITE_SETTINGS
ADDED from MyApplication4\AdSDK_v1.0.0\AndroidManifest.xml:99:5-80
	android:name
		ADDED from MyApplication4\AdSDK_v1.0.0\AndroidManifest.xml:99:22-77
uses-permission#com.sonyericsson.homescreen.permission.READ_SETTINGS
ADDED from MyApplication4\AdSDK_v1.0.0\AndroidManifest.xml:100:5-92
	android:name
		ADDED from MyApplication4\AdSDK_v1.0.0\AndroidManifest.xml:100:22-89
uses-permission#com.sonyericsson.homescreen.permission.WRITE_SETTINGS
ADDED from MyApplication4\AdSDK_v1.0.0\AndroidManifest.xml:101:5-93
	android:name
		ADDED from MyApplication4\AdSDK_v1.0.0\AndroidManifest.xml:101:22-90
uses-permission#com.oppo.launcher.permission.WRITE_SETTINGS
ADDED from MyApplication4\AdSDK_v1.0.0\AndroidManifest.xml:102:5-83
	android:name
		ADDED from MyApplication4\AdSDK_v1.0.0\AndroidManifest.xml:102:22-80
uses-permission#com.oppo.launcher.permission.READ_SETTINGS
ADDED from MyApplication4\AdSDK_v1.0.0\AndroidManifest.xml:103:5-82
	android:name
		ADDED from MyApplication4\AdSDK_v1.0.0\AndroidManifest.xml:103:22-79
uses-permission#com.mediatek.launcherplus.permission.READ_SETTINGS
ADDED from MyApplication4\AdSDK_v1.0.0\AndroidManifest.xml:104:5-90
	android:name
		ADDED from MyApplication4\AdSDK_v1.0.0\AndroidManifest.xml:104:22-87
uses-permission#com.mediatek.launcherplus.permission.WRITE_SETTINGS
ADDED from MyApplication4\AdSDK_v1.0.0\AndroidManifest.xml:105:5-91
	android:name
		ADDED from MyApplication4\AdSDK_v1.0.0\AndroidManifest.xml:105:22-88
uses-permission#com.lenovo.launcher.permission.READ_SETTINGS
ADDED from MyApplication4\AdSDK_v1.0.0\AndroidManifest.xml:106:5-84
	android:name
		ADDED from MyApplication4\AdSDK_v1.0.0\AndroidManifest.xml:106:22-81
uses-permission#com.lenovo.launcher.permission.WRITE_SETTINGS
ADDED from MyApplication4\AdSDK_v1.0.0\AndroidManifest.xml:107:5-85
	android:name
		ADDED from MyApplication4\AdSDK_v1.0.0\AndroidManifest.xml:107:22-82
uses-permission#com.huawei.launcher2.permission.READ_SETTINGS
ADDED from MyApplication4\AdSDK_v1.0.0\AndroidManifest.xml:108:5-85
	android:name
		ADDED from MyApplication4\AdSDK_v1.0.0\AndroidManifest.xml:108:22-82
uses-permission#com.huawei.launcher2.permission.WRITE_SETTINGS
ADDED from MyApplication4\AdSDK_v1.0.0\AndroidManifest.xml:109:5-86
	android:name
		ADDED from MyApplication4\AdSDK_v1.0.0\AndroidManifest.xml:109:22-83
uses-permission#com.huawei.launcher3.permission.READ_SETTINGS
ADDED from MyApplication4\AdSDK_v1.0.0\AndroidManifest.xml:110:5-85
	android:name
		ADDED from MyApplication4\AdSDK_v1.0.0\AndroidManifest.xml:110:22-82
uses-permission#com.huawei.launcher3.permission.WRITE_SETTINGS
ADDED from MyApplication4\AdSDK_v1.0.0\AndroidManifest.xml:111:5-86
	android:name
		ADDED from MyApplication4\AdSDK_v1.0.0\AndroidManifest.xml:111:22-83
uses-permission#com.huawei.android.launcher.permission.READ_SETTINGS
ADDED from MyApplication4\AdSDK_v1.0.0\AndroidManifest.xml:112:5-92
	android:name
		ADDED from MyApplication4\AdSDK_v1.0.0\AndroidManifest.xml:112:22-89
uses-permission#com.huawei.android.launcher.permission.WRITE_SETTINGS
ADDED from MyApplication4\AdSDK_v1.0.0\AndroidManifest.xml:113:5-93
	android:name
		ADDED from MyApplication4\AdSDK_v1.0.0\AndroidManifest.xml:113:22-90
uses-permission#com.baiqi.weather.permission.READ_SETTINGS
ADDED from MyApplication4\AdSDK_v1.0.0\AndroidManifest.xml:114:5-82
	android:name
		ADDED from MyApplication4\AdSDK_v1.0.0\AndroidManifest.xml:114:22-79
uses-permission#com.baiqi.weather.permission.WRITE_SETTINGS
ADDED from MyApplication4\AdSDK_v1.0.0\AndroidManifest.xml:115:5-83
	android:name
		ADDED from MyApplication4\AdSDK_v1.0.0\AndroidManifest.xml:115:22-80
uses-permission#com.bbk.launcher2.permission.READ_SETTINGS
ADDED from MyApplication4\AdSDK_v1.0.0\AndroidManifest.xml:116:5-82
	android:name
		ADDED from MyApplication4\AdSDK_v1.0.0\AndroidManifest.xml:116:22-79
uses-permission#com.bbk.launcher2.permission.WRITE_SETTINGS
ADDED from MyApplication4\AdSDK_v1.0.0\AndroidManifest.xml:117:5-83
	android:name
		ADDED from MyApplication4\AdSDK_v1.0.0\AndroidManifest.xml:117:22-80
uses-permission#com.fede.launcher.permission.READ_SETTINGS
ADDED from MyApplication4\AdSDK_v1.0.0\AndroidManifest.xml:118:5-82
	android:name
		ADDED from MyApplication4\AdSDK_v1.0.0\AndroidManifest.xml:118:22-79
uses-permission#com.fede.launcher.permission.WRITE_SETTINGS
ADDED from MyApplication4\AdSDK_v1.0.0\AndroidManifest.xml:119:5-83
	android:name
		ADDED from MyApplication4\AdSDK_v1.0.0\AndroidManifest.xml:119:22-80
uses-permission#com.teslacoilsw.launcher.permission.READ_SETTINGS
ADDED from MyApplication4\AdSDK_v1.0.0\AndroidManifest.xml:120:5-89
	android:name
		ADDED from MyApplication4\AdSDK_v1.0.0\AndroidManifest.xml:120:22-86
uses-permission#com.teslacoilsw.launcher.permission.WRITE_SETTINGS
ADDED from MyApplication4\AdSDK_v1.0.0\AndroidManifest.xml:121:5-90
	android:name
		ADDED from MyApplication4\AdSDK_v1.0.0\AndroidManifest.xml:121:22-87
uses-permission#cn.nubia.launcher.permission.READ_SETTINGS
ADDED from MyApplication4\AdSDK_v1.0.0\AndroidManifest.xml:122:5-82
	android:name
		ADDED from MyApplication4\AdSDK_v1.0.0\AndroidManifest.xml:122:22-79
uses-permission#cn.nubia.launcher.permission.WRITE_SETTINGS
ADDED from MyApplication4\AdSDK_v1.0.0\AndroidManifest.xml:123:5-83
	android:name
		ADDED from MyApplication4\AdSDK_v1.0.0\AndroidManifest.xml:123:22-80
uses-permission#mobi.SyndicateApps.ICS.launcher.permission.READ_SETTINGS
ADDED from MyApplication4\AdSDK_v1.0.0\AndroidManifest.xml:124:5-96
	android:name
		ADDED from MyApplication4\AdSDK_v1.0.0\AndroidManifest.xml:124:22-93
uses-permission#mobi.SyndicateApps.ICS.launcher.permission.WRITE_SETTINGS
ADDED from MyApplication4\AdSDK_v1.0.0\AndroidManifest.xml:125:5-97
	android:name
		ADDED from MyApplication4\AdSDK_v1.0.0\AndroidManifest.xml:125:22-94
uses-permission#com.mx.launcher.permission.READ_SETTINGS
ADDED from MyApplication4\AdSDK_v1.0.0\AndroidManifest.xml:126:5-80
	android:name
		ADDED from MyApplication4\AdSDK_v1.0.0\AndroidManifest.xml:126:22-77
uses-permission#com.mx.launcher.permission.WRITE_SETTINGS
ADDED from MyApplication4\AdSDK_v1.0.0\AndroidManifest.xml:127:5-81
	android:name
		ADDED from MyApplication4\AdSDK_v1.0.0\AndroidManifest.xml:127:22-78
uses-permission#com.motorola.dock.DesktopDock.permission.READ_SETTINGS
ADDED from MyApplication4\AdSDK_v1.0.0\AndroidManifest.xml:128:5-94
	android:name
		ADDED from MyApplication4\AdSDK_v1.0.0\AndroidManifest.xml:128:22-91
uses-permission#com.motorola.dock.DesktopDock.permission.WRITE_SETTINGS
ADDED from MyApplication4\AdSDK_v1.0.0\AndroidManifest.xml:129:5-95
	android:name
		ADDED from MyApplication4\AdSDK_v1.0.0\AndroidManifest.xml:129:22-92
uses-permission#com.lge.launcher.permission.READ_SETTINGS
ADDED from MyApplication4\AdSDK_v1.0.0\AndroidManifest.xml:130:5-81
	android:name
		ADDED from MyApplication4\AdSDK_v1.0.0\AndroidManifest.xml:130:22-78
uses-permission#com.lge.launcher.permission.WRITE_SETTINGS
ADDED from MyApplication4\AdSDK_v1.0.0\AndroidManifest.xml:131:5-82
	android:name
		ADDED from MyApplication4\AdSDK_v1.0.0\AndroidManifest.xml:131:22-79
uses-permission#com.thunderst.launcher.permission.READ_SETTINGS
ADDED from MyApplication4\AdSDK_v1.0.0\AndroidManifest.xml:132:5-87
	android:name
		ADDED from MyApplication4\AdSDK_v1.0.0\AndroidManifest.xml:132:22-84
uses-permission#com.thunderst.launcher.permission.WRITE_SETTINGS
ADDED from MyApplication4\AdSDK_v1.0.0\AndroidManifest.xml:133:5-88
	android:name
		ADDED from MyApplication4\AdSDK_v1.0.0\AndroidManifest.xml:133:22-85
uses-permission#org.adw.launcher.permission.READ_SETTINGS
ADDED from MyApplication4\AdSDK_v1.0.0\AndroidManifest.xml:134:5-81
	android:name
		ADDED from MyApplication4\AdSDK_v1.0.0\AndroidManifest.xml:134:22-78
uses-permission#org.adw.launcher.permission.WRITE_SETTINGS
ADDED from MyApplication4\AdSDK_v1.0.0\AndroidManifest.xml:135:5-82
	android:name
		ADDED from MyApplication4\AdSDK_v1.0.0\AndroidManifest.xml:135:22-79
uses-permission#com.anddoes.launcher.permission.READ_SETTINGS
ADDED from MyApplication4\AdSDK_v1.0.0\AndroidManifest.xml:138:5-85
	android:name
		ADDED from MyApplication4\AdSDK_v1.0.0\AndroidManifest.xml:138:22-82
uses-permission#com.anddoes.launcher.permission.WRITE_SETTINGS
ADDED from MyApplication4\AdSDK_v1.0.0\AndroidManifest.xml:139:5-86
	android:name
		ADDED from MyApplication4\AdSDK_v1.0.0\AndroidManifest.xml:139:22-83
uses-permission#net.qihoo.launcher.permission.READ_SETTINGS
ADDED from MyApplication4\AdSDK_v1.0.0\AndroidManifest.xml:140:5-83
	android:name
		ADDED from MyApplication4\AdSDK_v1.0.0\AndroidManifest.xml:140:22-80
uses-permission#net.qihoo.launcher.permission.WRITE_SETTINGS
ADDED from MyApplication4\AdSDK_v1.0.0\AndroidManifest.xml:141:5-84
	android:name
		ADDED from MyApplication4\AdSDK_v1.0.0\AndroidManifest.xml:141:22-81
uses-permission#com.apusapps.launcher.permission.READ_SETTINGS
ADDED from MyApplication4\AdSDK_v1.0.0\AndroidManifest.xml:142:5-86
	android:name
		ADDED from MyApplication4\AdSDK_v1.0.0\AndroidManifest.xml:142:22-83
uses-permission#com.apusapps.launcher.permission.WRITE_SETTINGS
ADDED from MyApplication4\AdSDK_v1.0.0\AndroidManifest.xml:143:5-87
	android:name
		ADDED from MyApplication4\AdSDK_v1.0.0\AndroidManifest.xml:143:22-84
uses-permission#com.tsf.shell.permission.READ_SETTINGS
ADDED from MyApplication4\AdSDK_v1.0.0\AndroidManifest.xml:146:5-78
	android:name
		ADDED from MyApplication4\AdSDK_v1.0.0\AndroidManifest.xml:146:22-75
uses-permission#com.tsf.shell.permission.WRITE_SETTINGS
ADDED from MyApplication4\AdSDK_v1.0.0\AndroidManifest.xml:147:5-79
	android:name
		ADDED from MyApplication4\AdSDK_v1.0.0\AndroidManifest.xml:147:22-76
uses-permission#com.sec.android.app.twlauncher.settings.READ_SETTINGS
ADDED from MyApplication4\AdSDK_v1.0.0\AndroidManifest.xml:148:5-93
	android:name
		ADDED from MyApplication4\AdSDK_v1.0.0\AndroidManifest.xml:148:22-90
uses-permission#com.sec.android.app.twlauncher.settings.WRITE_SETTINGS
ADDED from MyApplication4\AdSDK_v1.0.0\AndroidManifest.xml:149:5-94
	android:name
		ADDED from MyApplication4\AdSDK_v1.0.0\AndroidManifest.xml:149:22-91
uses-permission#org.adwfreak.launcher.permission.READ_SETTINGS
ADDED from MyApplication4\AdSDK_v1.0.0\AndroidManifest.xml:150:5-86
	android:name
		ADDED from MyApplication4\AdSDK_v1.0.0\AndroidManifest.xml:150:22-83
uses-permission#org.adwfreak.launcher.permission.WRITE_SETTINGS
ADDED from MyApplication4\AdSDK_v1.0.0\AndroidManifest.xml:151:5-87
	android:name
		ADDED from MyApplication4\AdSDK_v1.0.0\AndroidManifest.xml:151:22-84
uses-permission#android.permission.CAMERA
ADDED from MyApplication4\AdSDK_v1.0.0\AndroidManifest.xml:152:5-65
MERGED from [:droid-plugin-v1.0.0:] AndroidManifest.xml:47:5-65
	android:name
		ADDED from MyApplication4\AdSDK_v1.0.0\AndroidManifest.xml:152:22-62
uses-permission#android.permission.MODIFY_AUDIO_SETTINGS
ADDED from MyApplication4\AdSDK_v1.0.0\AndroidManifest.xml:153:5-80
MERGED from [:droid-plugin-v1.0.0:] AndroidManifest.xml:63:5-80
	android:name
		ADDED from MyApplication4\AdSDK_v1.0.0\AndroidManifest.xml:153:22-77
uses-permission#android.permission.BLUETOOTH
ADDED from MyApplication4\AdSDK_v1.0.0\AndroidManifest.xml:155:5-68
MERGED from [:droid-plugin-v1.0.0:] AndroidManifest.xml:42:5-68
	android:name
		ADDED from MyApplication4\AdSDK_v1.0.0\AndroidManifest.xml:155:22-65
uses-permission#android.permission.BROADCAST_STICKY
ADDED from MyApplication4\AdSDK_v1.0.0\AndroidManifest.xml:156:5-75
MERGED from [:droid-plugin-v1.0.0:] AndroidManifest.xml:45:5-75
	android:name
		ADDED from MyApplication4\AdSDK_v1.0.0\AndroidManifest.xml:156:22-72
uses-permission#android.permission.AUTHENTICATE_ACCOUNTS
ADDED from MyApplication4\AdSDK_v1.0.0\AndroidManifest.xml:157:5-80
MERGED from [:droid-plugin-v1.0.0:] AndroidManifest.xml:41:5-80
	android:name
		ADDED from MyApplication4\AdSDK_v1.0.0\AndroidManifest.xml:157:22-77
uses-permission#android.permission.WRITE_CONTACTS
ADDED from MyApplication4\AdSDK_v1.0.0\AndroidManifest.xml:158:5-73
MERGED from [:droid-plugin-v1.0.0:] AndroidManifest.xml:101:5-73
	android:name
		ADDED from MyApplication4\AdSDK_v1.0.0\AndroidManifest.xml:158:22-70
uses-permission#android.permission.READ_SYNC_SETTINGS
ADDED from MyApplication4\AdSDK_v1.0.0\AndroidManifest.xml:159:5-77
MERGED from [:droid-plugin-v1.0.0:] AndroidManifest.xml:77:5-77
	android:name
		ADDED from MyApplication4\AdSDK_v1.0.0\AndroidManifest.xml:159:22-74
uses-permission#android.permission.WRITE_SYNC_SETTINGS
ADDED from MyApplication4\AdSDK_v1.0.0\AndroidManifest.xml:160:5-78
MERGED from [:droid-plugin-v1.0.0:] AndroidManifest.xml:107:5-78
	android:name
		ADDED from MyApplication4\AdSDK_v1.0.0\AndroidManifest.xml:160:22-75
uses-permission#android.permission.READ_SYNC_STATS